[2023-08-05 11:09:05][Application_Error][   at DevExpress.Web.Data.WebDataControllerProvider.GetRowValueByControllerRow(Int32 controllerRow, String fieldName, Boolean isDesignTime)
   at DevExpress.Web.Data.WebDataControllerProvider.GetRowValue(Int32 visibleIndex, String fieldName, Boolean isDesignTime)
   at DevExpress.Web.Data.WebDataProxy.GetRowValue(Int32 visibleIndex, String fieldName)
   at DevExpress.Web.Internal.GridTextBuilder.GetDisplayControlArgs(IWebGridDataColumn column, Int32 visibleIndex, IValueProvider provider, ASPxGridBase grid, Boolean highlightSearchText)
   at DevExpress.Web.Internal.GridRenderHelper.CreateDataCellDisplayControl(IWebGridDataColumn column, Int32 visibleIndex, IValueProvider row)
   at DevExpress.Web.Internal.GridRenderHelper.AddDisplayControlToDataCell(Control cell, IWebGridDataColumn column, Int32 visibleIndex, IValueProvider row)
   at DevExpress.Web.Rendering.GridViewTableDataCell.CreateControlHierarchy()
   at DevExpress.Web.Internal.InternalTableCell.CreateChildControls()
   at System.Web.UI.Control.EnsureChildControls()
   at DevExpress.Web.Internal.InternalTableCell.DevExpress.Web.Internal.IWebControl.EnsureChildControls()
   at DevExpress.Web.Internal.RenderUtils.EnsureChildControlsRecursive(Control control, Predicate`1 skipControlCondition)
   at DevExpress.Web.Internal.RenderUtils.EnsureChildControlsRecursive(Control control, Predicate`1 skipControlCondition)
   at DevExpress.Web.Internal.RenderUtils.EnsureChildControlsRecursive(Control control, Predicate`1 skipControlCondition)
   at DevExpress.Web.Internal.RenderUtils.EnsureChildControlsRecursive(Control control, Predicate`1 skipControlCondition)
   at DevExpress.Web.Internal.RenderUtils.EnsureChildControlsRecursive(Control control, Predicate`1 skipControlCondition)
   at DevExpress.Web.Internal.RenderUtils.EnsureChildControlsRecursive(Control control, Boolean skipContentContainers)
   at DevExpress.Web.ASPxWebControlBase.EnsureChildControlsRecursive(Control control, Boolean skipContentContainers)
   at DevExpress.Web.ASPxWebControlBase.EnsureChildControlsRecursive(Control control)
   at DevExpress.Web.ASPxWebControlBase.CreateChildControls()
   at System.Web.UI.Control.EnsureChildControls()
   at DevExpress.Web.ASPxWebControlBase.EnsureChildControls()
   at DevExpress.Web.ASPxWebControlBase.DevExpress.Web.Internal.IWebControl.EnsureChildControls()
   at DevExpress.Web.Internal.RenderUtils.EnsureChildControlsRecursive(Control control, Predicate`1 skipControlCondition)
   at DevExpress.Web.Internal.RenderUtils.EnsureChildControlsRecursive(Control control, Predicate`1 skipControlCondition)
   at DevExpress.Web.Internal.RenderUtils.EnsureChildControlsRecursive(Control control, Boolean skipContentContainers)
   at DevExpress.Web.ASPxWebControlBase.EnsureChildControlsRecursive(Control control, Boolean skipContentContainers)
   at DevExpress.Web.ASPxWebControlBase.EnsureChildControlsRecursive(Control control)
   at DevExpress.Web.ASPxWebControlBase.CreateChildControls()
   at System.Web.UI.Control.EnsureChildControls()
   at DevExpress.Web.ASPxWebControlBase.EnsureChildControls()
   at DevExpress.Web.ASPxWebControlBase.DevExpress.Web.Internal.IWebControl.EnsureChildControls()
   at DevExpress.Web.Internal.RenderUtils.EnsureChildControlsRecursive(Control control, Predicate`1 skipControlCondition)
   at DevExpress.Web.Internal.RenderUtils.EnsureChildControlsRecursive(Control control, Predicate`1 skipControlCondition)
   at DevExpress.Web.Internal.RenderUtils.EnsureChildControlsRecursive(Control control, Predicate`1 skipControlCondition)
   at DevExpress.Web.Internal.RenderUtils.EnsureChildControlsRecursive(Control control, Predicate`1 skipControlCondition)
   at DevExpress.Web.Internal.RenderUtils.EnsureChildControlsRecursive(Control control, Predicate`1 skipControlCondition)
   at DevExpress.Web.Internal.RenderUtils.EnsureChildControlsRecursive(Control control, Boolean skipContentContainers)
   at DevExpress.Web.ASPxWebControlBase.EnsureChildControlsRecursive(Control control, Boolean skipContentContainers)
   at DevExpress.Web.ASPxWebControlBase.EnsureChildControlsRecursive(Control control)
   at DevExpress.Web.ASPxWebControlBase.CreateChildControls()
   at DevExpress.Web.ASPxWebControl.CreateChildControls()
   at System.Web.UI.Control.EnsureChildControls()
   at DevExpress.Web.ASPxWebControlBase.EnsureChildControls()
   at DevExpress.Web.ASPxDataWebControlBase.DataBindInternal()
   at DevExpress.Web.ASPxWebControl.DataBind()
   at Business_RevenueCost_RevenuCostForReview.LoadStores(Decimal verCompanyID) in e:\1.WORK\VNA\App\Website\Business\RevenueCost\RevenuCostForReview.aspx.cs:line 53
   at Business_RevenueCost_RevenuCostForReview.StoresGrid_CustomCallback(Object sender, ASPxGridViewCustomCallbackEventArgs e) in e:\1.WORK\VNA\App\Website\Business\RevenueCost\RevenuCostForReview.aspx.cs:line 97
   at DevExpress.Web.ASPxGridView.RaiseCustomCallback(ASPxGridCustomCallbackEventArgs e)
   at DevExpress.Web.ASPxGridBase.CBCustomCallBack(String[] args)
   at DevExpress.Web.ASPxGridBase.DoCallBackPostBack(String eventArgument)
   at DevExpress.Web.ASPxGridBase.RaiseCallbackEvent(String eventArgument)
   at DevExpress.Web.ASPxWebControl.System.Web.UI.ICallbackEventHandler.RaiseCallbackEvent(String eventArgument)]
[2023-08-05 11:09:05][Application_Error][   at DevExpress.Web.Data.WebDataControllerProvider.GetRowValueByControllerRow(Int32 controllerRow, String fieldName, Boolean isDesignTime)
   at DevExpress.Web.Data.WebDataControllerProvider.GetRowValue(Int32 visibleIndex, String fieldName, Boolean isDesignTime)
   at DevExpress.Web.Data.WebDataProxy.GetRowValue(Int32 visibleIndex, String fieldName)
   at DevExpress.Web.Internal.GridTextBuilder.GetDisplayControlArgs(IWebGridDataColumn column, Int32 visibleIndex, IValueProvider provider, ASPxGridBase grid, Boolean highlightSearchText)
   at DevExpress.Web.Internal.GridRenderHelper.CreateDataCellDisplayControl(IWebGridDataColumn column, Int32 visibleIndex, IValueProvider row)
   at DevExpress.Web.Internal.GridRenderHelper.AddDisplayControlToDataCell(Control cell, IWebGridDataColumn column, Int32 visibleIndex, IValueProvider row)
   at DevExpress.Web.Rendering.GridViewTableDataCell.CreateControlHierarchy()
   at DevExpress.Web.Internal.InternalTableCell.CreateChildControls()
   at System.Web.UI.Control.EnsureChildControls()
   at DevExpress.Web.Internal.InternalTableCell.DevExpress.Web.Internal.IWebControl.EnsureChildControls()
   at DevExpress.Web.Internal.RenderUtils.EnsureChildControlsRecursive(Control control, Predicate`1 skipControlCondition)
   at DevExpress.Web.Internal.RenderUtils.EnsureChildControlsRecursive(Control control, Predicate`1 skipControlCondition)
   at DevExpress.Web.Internal.RenderUtils.EnsureChildControlsRecursive(Control control, Predicate`1 skipControlCondition)
   at DevExpress.Web.Internal.RenderUtils.EnsureChildControlsRecursive(Control control, Predicate`1 skipControlCondition)
   at DevExpress.Web.Internal.RenderUtils.EnsureChildControlsRecursive(Control control, Predicate`1 skipControlCondition)
   at DevExpress.Web.Internal.RenderUtils.EnsureChildControlsRecursive(Control control, Boolean skipContentContainers)
   at DevExpress.Web.ASPxWebControlBase.EnsureChildControlsRecursive(Control control, Boolean skipContentContainers)
   at DevExpress.Web.ASPxWebControlBase.EnsureChildControlsRecursive(Control control)
   at DevExpress.Web.ASPxWebControlBase.CreateChildControls()
   at System.Web.UI.Control.EnsureChildControls()
   at DevExpress.Web.ASPxWebControlBase.EnsureChildControls()
   at DevExpress.Web.ASPxWebControlBase.DevExpress.Web.Internal.IWebControl.EnsureChildControls()
   at DevExpress.Web.Internal.RenderUtils.EnsureChildControlsRecursive(Control control, Predicate`1 skipControlCondition)
   at DevExpress.Web.Internal.RenderUtils.EnsureChildControlsRecursive(Control control, Predicate`1 skipControlCondition)
   at DevExpress.Web.Internal.RenderUtils.EnsureChildControlsRecursive(Control control, Boolean skipContentContainers)
   at DevExpress.Web.ASPxWebControlBase.EnsureChildControlsRecursive(Control control, Boolean skipContentContainers)
   at DevExpress.Web.ASPxWebControlBase.EnsureChildControlsRecursive(Control control)
   at DevExpress.Web.ASPxWebControlBase.CreateChildControls()
   at System.Web.UI.Control.EnsureChildControls()
   at DevExpress.Web.ASPxWebControlBase.EnsureChildControls()
   at DevExpress.Web.ASPxWebControlBase.DevExpress.Web.Internal.IWebControl.EnsureChildControls()
   at DevExpress.Web.Internal.RenderUtils.EnsureChildControlsRecursive(Control control, Predicate`1 skipControlCondition)
   at DevExpress.Web.Internal.RenderUtils.EnsureChildControlsRecursive(Control control, Predicate`1 skipControlCondition)
   at DevExpress.Web.Internal.RenderUtils.EnsureChildControlsRecursive(Control control, Predicate`1 skipControlCondition)
   at DevExpress.Web.Internal.RenderUtils.EnsureChildControlsRecursive(Control control, Predicate`1 skipControlCondition)
   at DevExpress.Web.Internal.RenderUtils.EnsureChildControlsRecursive(Control control, Predicate`1 skipControlCondition)
   at DevExpress.Web.Internal.RenderUtils.EnsureChildControlsRecursive(Control control, Boolean skipContentContainers)
   at DevExpress.Web.ASPxWebControlBase.EnsureChildControlsRecursive(Control control, Boolean skipContentContainers)
   at DevExpress.Web.ASPxWebControlBase.EnsureChildControlsRecursive(Control control)
   at DevExpress.Web.ASPxWebControlBase.CreateChildControls()
   at DevExpress.Web.ASPxWebControl.CreateChildControls()
   at System.Web.UI.Control.EnsureChildControls()
   at DevExpress.Web.ASPxWebControlBase.EnsureChildControls()
   at DevExpress.Web.ASPxDataWebControlBase.DataBindInternal()
   at DevExpress.Web.ASPxWebControl.DataBind()
   at Business_RevenueCost_RevenuCostForReview.LoadStores(Decimal verCompanyID) in e:\1.WORK\VNA\App\Website\Business\RevenueCost\RevenuCostForReview.aspx.cs:line 53
   at Business_RevenueCost_RevenuCostForReview.StoresGrid_CustomCallback(Object sender, ASPxGridViewCustomCallbackEventArgs e) in e:\1.WORK\VNA\App\Website\Business\RevenueCost\RevenuCostForReview.aspx.cs:line 97
   at DevExpress.Web.ASPxGridView.RaiseCustomCallback(ASPxGridCustomCallbackEventArgs e)
   at DevExpress.Web.ASPxGridBase.CBCustomCallBack(String[] args)
   at DevExpress.Web.ASPxGridBase.DoCallBackPostBack(String eventArgument)
   at DevExpress.Web.ASPxGridBase.RaiseCallbackEvent(String eventArgument)
   at DevExpress.Web.ASPxWebControl.System.Web.UI.ICallbackEventHandler.RaiseCallbackEvent(String eventArgument)]
[2023-08-05 11:11:33][Application_Error][   at DevExpress.Web.Data.WebDataControllerProvider.GetRowValueByControllerRow(Int32 controllerRow, String fieldName, Boolean isDesignTime)
   at DevExpress.Web.Data.WebDataControllerProvider.GetRowValue(Int32 visibleIndex, String fieldName, Boolean isDesignTime)
   at DevExpress.Web.Data.WebDataProxy.GetRowValue(Int32 visibleIndex, String fieldName)
   at DevExpress.Web.Internal.GridTextBuilder.GetDisplayControlArgs(IWebGridDataColumn column, Int32 visibleIndex, IValueProvider provider, ASPxGridBase grid, Boolean highlightSearchText)
   at DevExpress.Web.Internal.GridRenderHelper.CreateDataCellDisplayControl(IWebGridDataColumn column, Int32 visibleIndex, IValueProvider row)
   at DevExpress.Web.Internal.GridRenderHelper.AddDisplayControlToDataCell(Control cell, IWebGridDataColumn column, Int32 visibleIndex, IValueProvider row)
   at DevExpress.Web.Rendering.GridViewTableDataCell.CreateControlHierarchy()
   at DevExpress.Web.Internal.InternalTableCell.CreateChildControls()
   at System.Web.UI.Control.EnsureChildControls()
   at DevExpress.Web.Internal.InternalTableCell.DevExpress.Web.Internal.IWebControl.EnsureChildControls()
   at DevExpress.Web.Internal.RenderUtils.EnsureChildControlsRecursive(Control control, Predicate`1 skipControlCondition)
   at DevExpress.Web.Internal.RenderUtils.EnsureChildControlsRecursive(Control control, Predicate`1 skipControlCondition)
   at DevExpress.Web.Internal.RenderUtils.EnsureChildControlsRecursive(Control control, Predicate`1 skipControlCondition)
   at DevExpress.Web.Internal.RenderUtils.EnsureChildControlsRecursive(Control control, Predicate`1 skipControlCondition)
   at DevExpress.Web.Internal.RenderUtils.EnsureChildControlsRecursive(Control control, Predicate`1 skipControlCondition)
   at DevExpress.Web.Internal.RenderUtils.EnsureChildControlsRecursive(Control control, Boolean skipContentContainers)
   at DevExpress.Web.ASPxWebControlBase.EnsureChildControlsRecursive(Control control, Boolean skipContentContainers)
   at DevExpress.Web.ASPxWebControlBase.EnsureChildControlsRecursive(Control control)
   at DevExpress.Web.ASPxWebControlBase.CreateChildControls()
   at System.Web.UI.Control.EnsureChildControls()
   at DevExpress.Web.ASPxWebControlBase.EnsureChildControls()
   at DevExpress.Web.ASPxWebControlBase.DevExpress.Web.Internal.IWebControl.EnsureChildControls()
   at DevExpress.Web.Internal.RenderUtils.EnsureChildControlsRecursive(Control control, Predicate`1 skipControlCondition)
   at DevExpress.Web.Internal.RenderUtils.EnsureChildControlsRecursive(Control control, Predicate`1 skipControlCondition)
   at DevExpress.Web.Internal.RenderUtils.EnsureChildControlsRecursive(Control control, Boolean skipContentContainers)
   at DevExpress.Web.ASPxWebControlBase.EnsureChildControlsRecursive(Control control, Boolean skipContentContainers)
   at DevExpress.Web.ASPxWebControlBase.EnsureChildControlsRecursive(Control control)
   at DevExpress.Web.ASPxWebControlBase.CreateChildControls()
   at System.Web.UI.Control.EnsureChildControls()
   at DevExpress.Web.ASPxWebControlBase.EnsureChildControls()
   at DevExpress.Web.ASPxWebControlBase.DevExpress.Web.Internal.IWebControl.EnsureChildControls()
   at DevExpress.Web.Internal.RenderUtils.EnsureChildControlsRecursive(Control control, Predicate`1 skipControlCondition)
   at DevExpress.Web.Internal.RenderUtils.EnsureChildControlsRecursive(Control control, Predicate`1 skipControlCondition)
   at DevExpress.Web.Internal.RenderUtils.EnsureChildControlsRecursive(Control control, Predicate`1 skipControlCondition)
   at DevExpress.Web.Internal.RenderUtils.EnsureChildControlsRecursive(Control control, Predicate`1 skipControlCondition)
   at DevExpress.Web.Internal.RenderUtils.EnsureChildControlsRecursive(Control control, Predicate`1 skipControlCondition)
   at DevExpress.Web.Internal.RenderUtils.EnsureChildControlsRecursive(Control control, Boolean skipContentContainers)
   at DevExpress.Web.ASPxWebControlBase.EnsureChildControlsRecursive(Control control, Boolean skipContentContainers)
   at DevExpress.Web.ASPxWebControlBase.EnsureChildControlsRecursive(Control control)
   at DevExpress.Web.ASPxWebControlBase.CreateChildControls()
   at DevExpress.Web.ASPxWebControl.CreateChildControls()
   at System.Web.UI.Control.EnsureChildControls()
   at DevExpress.Web.ASPxWebControlBase.EnsureChildControls()
   at DevExpress.Web.ASPxDataWebControlBase.DataBindInternal()
   at DevExpress.Web.ASPxWebControl.DataBind()
   at Business_RevenueCost_RevenuCostForReview.LoadStores(Decimal verCompanyID) in e:\1.WORK\VNA\App\Website\Business\RevenueCost\RevenuCostForReview.aspx.cs:line 53
   at Business_RevenueCost_RevenuCostForReview.StoresGrid_CustomCallback(Object sender, ASPxGridViewCustomCallbackEventArgs e) in e:\1.WORK\VNA\App\Website\Business\RevenueCost\RevenuCostForReview.aspx.cs:line 97
   at DevExpress.Web.ASPxGridView.RaiseCustomCallback(ASPxGridCustomCallbackEventArgs e)
   at DevExpress.Web.ASPxGridBase.CBCustomCallBack(String[] args)
   at DevExpress.Web.ASPxGridBase.DoCallBackPostBack(String eventArgument)
   at DevExpress.Web.ASPxGridBase.RaiseCallbackEvent(String eventArgument)
   at DevExpress.Web.ASPxWebControl.System.Web.UI.ICallbackEventHandler.RaiseCallbackEvent(String eventArgument)]
[2023-08-05 11:11:33][Application_Error][   at DevExpress.Web.Data.WebDataControllerProvider.GetRowValueByControllerRow(Int32 controllerRow, String fieldName, Boolean isDesignTime)
   at DevExpress.Web.Data.WebDataControllerProvider.GetRowValue(Int32 visibleIndex, String fieldName, Boolean isDesignTime)
   at DevExpress.Web.Data.WebDataProxy.GetRowValue(Int32 visibleIndex, String fieldName)
   at DevExpress.Web.Internal.GridTextBuilder.GetDisplayControlArgs(IWebGridDataColumn column, Int32 visibleIndex, IValueProvider provider, ASPxGridBase grid, Boolean highlightSearchText)
   at DevExpress.Web.Internal.GridRenderHelper.CreateDataCellDisplayControl(IWebGridDataColumn column, Int32 visibleIndex, IValueProvider row)
   at DevExpress.Web.Internal.GridRenderHelper.AddDisplayControlToDataCell(Control cell, IWebGridDataColumn column, Int32 visibleIndex, IValueProvider row)
   at DevExpress.Web.Rendering.GridViewTableDataCell.CreateControlHierarchy()
   at DevExpress.Web.Internal.InternalTableCell.CreateChildControls()
   at System.Web.UI.Control.EnsureChildControls()
   at DevExpress.Web.Internal.InternalTableCell.DevExpress.Web.Internal.IWebControl.EnsureChildControls()
   at DevExpress.Web.Internal.RenderUtils.EnsureChildControlsRecursive(Control control, Predicate`1 skipControlCondition)
   at DevExpress.Web.Internal.RenderUtils.EnsureChildControlsRecursive(Control control, Predicate`1 skipControlCondition)
   at DevExpress.Web.Internal.RenderUtils.EnsureChildControlsRecursive(Control control, Predicate`1 skipControlCondition)
   at DevExpress.Web.Internal.RenderUtils.EnsureChildControlsRecursive(Control control, Predicate`1 skipControlCondition)
   at DevExpress.Web.Internal.RenderUtils.EnsureChildControlsRecursive(Control control, Predicate`1 skipControlCondition)
   at DevExpress.Web.Internal.RenderUtils.EnsureChildControlsRecursive(Control control, Boolean skipContentContainers)
   at DevExpress.Web.ASPxWebControlBase.EnsureChildControlsRecursive(Control control, Boolean skipContentContainers)
   at DevExpress.Web.ASPxWebControlBase.EnsureChildControlsRecursive(Control control)
   at DevExpress.Web.ASPxWebControlBase.CreateChildControls()
   at System.Web.UI.Control.EnsureChildControls()
   at DevExpress.Web.ASPxWebControlBase.EnsureChildControls()
   at DevExpress.Web.ASPxWebControlBase.DevExpress.Web.Internal.IWebControl.EnsureChildControls()
   at DevExpress.Web.Internal.RenderUtils.EnsureChildControlsRecursive(Control control, Predicate`1 skipControlCondition)
   at DevExpress.Web.Internal.RenderUtils.EnsureChildControlsRecursive(Control control, Predicate`1 skipControlCondition)
   at DevExpress.Web.Internal.RenderUtils.EnsureChildControlsRecursive(Control control, Boolean skipContentContainers)
   at DevExpress.Web.ASPxWebControlBase.EnsureChildControlsRecursive(Control control, Boolean skipContentContainers)
   at DevExpress.Web.ASPxWebControlBase.EnsureChildControlsRecursive(Control control)
   at DevExpress.Web.ASPxWebControlBase.CreateChildControls()
   at System.Web.UI.Control.EnsureChildControls()
   at DevExpress.Web.ASPxWebControlBase.EnsureChildControls()
   at DevExpress.Web.ASPxWebControlBase.DevExpress.Web.Internal.IWebControl.EnsureChildControls()
   at DevExpress.Web.Internal.RenderUtils.EnsureChildControlsRecursive(Control control, Predicate`1 skipControlCondition)
   at DevExpress.Web.Internal.RenderUtils.EnsureChildControlsRecursive(Control control, Predicate`1 skipControlCondition)
   at DevExpress.Web.Internal.RenderUtils.EnsureChildControlsRecursive(Control control, Predicate`1 skipControlCondition)
   at DevExpress.Web.Internal.RenderUtils.EnsureChildControlsRecursive(Control control, Predicate`1 skipControlCondition)
   at DevExpress.Web.Internal.RenderUtils.EnsureChildControlsRecursive(Control control, Predicate`1 skipControlCondition)
   at DevExpress.Web.Internal.RenderUtils.EnsureChildControlsRecursive(Control control, Boolean skipContentContainers)
   at DevExpress.Web.ASPxWebControlBase.EnsureChildControlsRecursive(Control control, Boolean skipContentContainers)
   at DevExpress.Web.ASPxWebControlBase.EnsureChildControlsRecursive(Control control)
   at DevExpress.Web.ASPxWebControlBase.CreateChildControls()
   at DevExpress.Web.ASPxWebControl.CreateChildControls()
   at System.Web.UI.Control.EnsureChildControls()
   at DevExpress.Web.ASPxWebControlBase.EnsureChildControls()
   at DevExpress.Web.ASPxDataWebControlBase.DataBindInternal()
   at DevExpress.Web.ASPxWebControl.DataBind()
   at Business_RevenueCost_RevenuCostForReview.LoadStores(Decimal verCompanyID) in e:\1.WORK\VNA\App\Website\Business\RevenueCost\RevenuCostForReview.aspx.cs:line 53
   at Business_RevenueCost_RevenuCostForReview.StoresGrid_CustomCallback(Object sender, ASPxGridViewCustomCallbackEventArgs e) in e:\1.WORK\VNA\App\Website\Business\RevenueCost\RevenuCostForReview.aspx.cs:line 97
   at DevExpress.Web.ASPxGridView.RaiseCustomCallback(ASPxGridCustomCallbackEventArgs e)
   at DevExpress.Web.ASPxGridBase.CBCustomCallBack(String[] args)
   at DevExpress.Web.ASPxGridBase.DoCallBackPostBack(String eventArgument)
   at DevExpress.Web.ASPxGridBase.RaiseCallbackEvent(String eventArgument)
   at DevExpress.Web.ASPxWebControl.System.Web.UI.ICallbackEventHandler.RaiseCallbackEvent(String eventArgument)]
