[2023-04-15 20:12:09][Application_Error][   at DevExpress.Web.Internal.GridBatchEditHelper.SafeExecuteAction(Action action, Object rowKey)
   at DevExpress.Web.Internal.GridBatchEditHelper.SafeExecuteAction(Action`1 action, Int32 visibleIndex)
   at DevExpress.Web.Internal.GridBatchEditHelper.InsertRows()
   at DevExpress.Web.Internal.GridBatchEditHelper.CommitTransaction()
   at DevExpress.Web.Data.WebDataProxy.EndEdit()
   at DevExpress.Web.ASPxGridBase.UpdateEdit()
   at DevExpress.Web.ASPxGridBase.CBUpdateEdit(String[] args)
   at DevExpress.Web.ASPxGridBase.DoCallBackPostBack(String eventArgument)
   at DevExpress.Web.ASPxGridBase.RaiseCallbackEvent(String eventArgument)
   at DevExpress.Web.ASPxWebControl.System.Web.UI.ICallbackEventHandler.RaiseCallbackEvent(String eventArgument)]
[2023-04-15 20:26:18][Application_Error][   at DevExpress.Web.Data.WebDataControllerProvider.GetRowValueByControllerRow(Int32 controllerRow, String fieldName, Boolean isDesignTime)
   at DevExpress.Web.Data.WebDataControllerProvider.GetRowValue(Int32 visibleIndex, String fieldName, Boolean isDesignTime)
   at DevExpress.Web.Data.WebDataProxy.GetRowValue(Int32 visibleIndex, String fieldName)
   at DevExpress.Web.Internal.GridTextBuilder.GetDisplayControlArgs(IWebGridDataColumn column, Int32 visibleIndex, IValueProvider provider, ASPxGridBase grid, Boolean highlightSearchText)
   at DevExpress.Web.Internal.GridRenderHelper.CreateDataCellDisplayControl(IWebGridDataColumn column, Int32 visibleIndex, IValueProvider row)
   at DevExpress.Web.Internal.GridRenderHelper.AddDisplayControlToDataCell(Control cell, IWebGridDataColumn column, Int32 visibleIndex, IValueProvider row)
   at DevExpress.Web.Rendering.GridViewTableDataCell.CreateControlHierarchy()
   at DevExpress.Web.Internal.InternalTableCell.CreateChildControls()
   at System.Web.UI.Control.EnsureChildControls()
   at DevExpress.Web.Internal.InternalTableCell.DevExpress.Web.Internal.IWebControl.EnsureChildControls()
   at DevExpress.Web.Internal.RenderUtils.EnsureChildControlsRecursive(Control control, Predicate`1 skipControlCondition)
   at DevExpress.Web.Internal.RenderUtils.EnsureChildControlsRecursive(Control control, Predicate`1 skipControlCondition)
   at DevExpress.Web.Internal.RenderUtils.EnsureChildControlsRecursive(Control control, Predicate`1 skipControlCondition)
   at DevExpress.Web.Internal.RenderUtils.EnsureChildControlsRecursive(Control control, Predicate`1 skipControlCondition)
   at DevExpress.Web.Internal.RenderUtils.EnsureChildControlsRecursive(Control control, Predicate`1 skipControlCondition)
   at DevExpress.Web.Internal.RenderUtils.EnsureChildControlsRecursive(Control control, Boolean skipContentContainers)
   at DevExpress.Web.ASPxWebControlBase.EnsureChildControlsRecursive(Control control, Boolean skipContentContainers)
   at DevExpress.Web.ASPxWebControlBase.EnsureChildControlsRecursive(Control control)
   at DevExpress.Web.ASPxWebControlBase.CreateChildControls()
   at System.Web.UI.Control.EnsureChildControls()
   at DevExpress.Web.ASPxWebControlBase.EnsureChildControls()
   at DevExpress.Web.ASPxWebControlBase.DevExpress.Web.Internal.IWebControl.EnsureChildControls()
   at DevExpress.Web.Internal.RenderUtils.EnsureChildControlsRecursive(Control control, Predicate`1 skipControlCondition)
   at DevExpress.Web.Internal.RenderUtils.EnsureChildControlsRecursive(Control control, Predicate`1 skipControlCondition)
   at DevExpress.Web.Internal.RenderUtils.EnsureChildControlsRecursive(Control control, Boolean skipContentContainers)
   at DevExpress.Web.ASPxWebControlBase.EnsureChildControlsRecursive(Control control, Boolean skipContentContainers)
   at DevExpress.Web.ASPxWebControlBase.EnsureChildControlsRecursive(Control control)
   at DevExpress.Web.ASPxWebControlBase.CreateChildControls()
   at System.Web.UI.Control.EnsureChildControls()
   at DevExpress.Web.ASPxWebControlBase.EnsureChildControls()
   at DevExpress.Web.ASPxWebControlBase.DevExpress.Web.Internal.IWebControl.EnsureChildControls()
   at DevExpress.Web.Internal.RenderUtils.EnsureChildControlsRecursive(Control control, Predicate`1 skipControlCondition)
   at DevExpress.Web.Internal.RenderUtils.EnsureChildControlsRecursive(Control control, Predicate`1 skipControlCondition)
   at DevExpress.Web.Internal.RenderUtils.EnsureChildControlsRecursive(Control control, Predicate`1 skipControlCondition)
   at DevExpress.Web.Internal.RenderUtils.EnsureChildControlsRecursive(Control control, Predicate`1 skipControlCondition)
   at DevExpress.Web.Internal.RenderUtils.EnsureChildControlsRecursive(Control control, Predicate`1 skipControlCondition)
   at DevExpress.Web.Internal.RenderUtils.EnsureChildControlsRecursive(Control control, Boolean skipContentContainers)
   at DevExpress.Web.ASPxWebControlBase.EnsureChildControlsRecursive(Control control, Boolean skipContentContainers)
   at DevExpress.Web.ASPxWebControlBase.EnsureChildControlsRecursive(Control control)
   at DevExpress.Web.ASPxWebControlBase.CreateChildControls()
   at DevExpress.Web.ASPxWebControl.CreateChildControls()
   at System.Web.UI.Control.EnsureChildControls()
   at DevExpress.Web.ASPxWebControlBase.EnsureChildControls()
   at DevExpress.Web.ASPxDataWebControlBase.DataBindInternal()
   at DevExpress.Web.ASPxWebControl.DataBind()
   at DevExpress.Web.ASPxGridBase.UpdateEdit()
   at DevExpress.Web.ASPxGridBase.CBUpdateEdit(String[] args)
   at DevExpress.Web.ASPxGridBase.DoCallBackPostBack(String eventArgument)
   at DevExpress.Web.ASPxGridBase.RaiseCallbackEvent(String eventArgument)
   at DevExpress.Web.ASPxWebControl.System.Web.UI.ICallbackEventHandler.RaiseCallbackEvent(String eventArgument)]
[2023-04-15 20:26:18][Application_Error][   at DevExpress.Web.Data.WebDataControllerProvider.GetRowValueByControllerRow(Int32 controllerRow, String fieldName, Boolean isDesignTime)
   at DevExpress.Web.Data.WebDataControllerProvider.GetRowValue(Int32 visibleIndex, String fieldName, Boolean isDesignTime)
   at DevExpress.Web.Data.WebDataProxy.GetRowValue(Int32 visibleIndex, String fieldName)
   at DevExpress.Web.Internal.GridTextBuilder.GetDisplayControlArgs(IWebGridDataColumn column, Int32 visibleIndex, IValueProvider provider, ASPxGridBase grid, Boolean highlightSearchText)
   at DevExpress.Web.Internal.GridRenderHelper.CreateDataCellDisplayControl(IWebGridDataColumn column, Int32 visibleIndex, IValueProvider row)
   at DevExpress.Web.Internal.GridRenderHelper.AddDisplayControlToDataCell(Control cell, IWebGridDataColumn column, Int32 visibleIndex, IValueProvider row)
   at DevExpress.Web.Rendering.GridViewTableDataCell.CreateControlHierarchy()
   at DevExpress.Web.Internal.InternalTableCell.CreateChildControls()
   at System.Web.UI.Control.EnsureChildControls()
   at DevExpress.Web.Internal.InternalTableCell.DevExpress.Web.Internal.IWebControl.EnsureChildControls()
   at DevExpress.Web.Internal.RenderUtils.EnsureChildControlsRecursive(Control control, Predicate`1 skipControlCondition)
   at DevExpress.Web.Internal.RenderUtils.EnsureChildControlsRecursive(Control control, Predicate`1 skipControlCondition)
   at DevExpress.Web.Internal.RenderUtils.EnsureChildControlsRecursive(Control control, Predicate`1 skipControlCondition)
   at DevExpress.Web.Internal.RenderUtils.EnsureChildControlsRecursive(Control control, Predicate`1 skipControlCondition)
   at DevExpress.Web.Internal.RenderUtils.EnsureChildControlsRecursive(Control control, Predicate`1 skipControlCondition)
   at DevExpress.Web.Internal.RenderUtils.EnsureChildControlsRecursive(Control control, Boolean skipContentContainers)
   at DevExpress.Web.ASPxWebControlBase.EnsureChildControlsRecursive(Control control, Boolean skipContentContainers)
   at DevExpress.Web.ASPxWebControlBase.EnsureChildControlsRecursive(Control control)
   at DevExpress.Web.ASPxWebControlBase.CreateChildControls()
   at System.Web.UI.Control.EnsureChildControls()
   at DevExpress.Web.ASPxWebControlBase.EnsureChildControls()
   at DevExpress.Web.ASPxWebControlBase.DevExpress.Web.Internal.IWebControl.EnsureChildControls()
   at DevExpress.Web.Internal.RenderUtils.EnsureChildControlsRecursive(Control control, Predicate`1 skipControlCondition)
   at DevExpress.Web.Internal.RenderUtils.EnsureChildControlsRecursive(Control control, Predicate`1 skipControlCondition)
   at DevExpress.Web.Internal.RenderUtils.EnsureChildControlsRecursive(Control control, Boolean skipContentContainers)
   at DevExpress.Web.ASPxWebControlBase.EnsureChildControlsRecursive(Control control, Boolean skipContentContainers)
   at DevExpress.Web.ASPxWebControlBase.EnsureChildControlsRecursive(Control control)
   at DevExpress.Web.ASPxWebControlBase.CreateChildControls()
   at System.Web.UI.Control.EnsureChildControls()
   at DevExpress.Web.ASPxWebControlBase.EnsureChildControls()
   at DevExpress.Web.ASPxWebControlBase.DevExpress.Web.Internal.IWebControl.EnsureChildControls()
   at DevExpress.Web.Internal.RenderUtils.EnsureChildControlsRecursive(Control control, Predicate`1 skipControlCondition)
   at DevExpress.Web.Internal.RenderUtils.EnsureChildControlsRecursive(Control control, Predicate`1 skipControlCondition)
   at DevExpress.Web.Internal.RenderUtils.EnsureChildControlsRecursive(Control control, Predicate`1 skipControlCondition)
   at DevExpress.Web.Internal.RenderUtils.EnsureChildControlsRecursive(Control control, Predicate`1 skipControlCondition)
   at DevExpress.Web.Internal.RenderUtils.EnsureChildControlsRecursive(Control control, Predicate`1 skipControlCondition)
   at DevExpress.Web.Internal.RenderUtils.EnsureChildControlsRecursive(Control control, Boolean skipContentContainers)
   at DevExpress.Web.ASPxWebControlBase.EnsureChildControlsRecursive(Control control, Boolean skipContentContainers)
   at DevExpress.Web.ASPxWebControlBase.EnsureChildControlsRecursive(Control control)
   at DevExpress.Web.ASPxWebControlBase.CreateChildControls()
   at DevExpress.Web.ASPxWebControl.CreateChildControls()
   at System.Web.UI.Control.EnsureChildControls()
   at DevExpress.Web.ASPxWebControlBase.EnsureChildControls()
   at DevExpress.Web.ASPxDataWebControlBase.DataBindInternal()
   at DevExpress.Web.ASPxWebControl.DataBind()
   at DevExpress.Web.ASPxGridBase.UpdateEdit()
   at DevExpress.Web.ASPxGridBase.CBUpdateEdit(String[] args)
   at DevExpress.Web.ASPxGridBase.DoCallBackPostBack(String eventArgument)
   at DevExpress.Web.ASPxGridBase.RaiseCallbackEvent(String eventArgument)
   at DevExpress.Web.ASPxWebControl.System.Web.UI.ICallbackEventHandler.RaiseCallbackEvent(String eventArgument)]
[2023-04-15 22:12:01][Application_Error][   at System.Linq.Enumerable.SingleOrDefault[TSource](IEnumerable`1 source)
   at System.Data.Entity.Core.Objects.ELinq.ObjectQueryProvider.<GetElementFunction>b__2[TResult](IEnumerable`1 sequence)
   at System.Data.Entity.Core.Objects.ELinq.ObjectQueryProvider.ExecuteSingle[TResult](IEnumerable`1 query, Expression queryRoot)
   at System.Data.Entity.Core.Objects.ELinq.ObjectQueryProvider.System.Linq.IQueryProvider.Execute[TResult](Expression expression)
   at System.Data.Entity.Internal.Linq.DbQueryProvider.Execute[TResult](Expression expression)
   at System.Linq.Queryable.SingleOrDefault[TSource](IQueryable`1 source)
   at Business_RevenueCost_AutoPricing.GetAmount(Nullable`1 versionID, Nullable`1 subaccountId, Nullable`1 month) in e:\1.WORK\BAMBOO\App\Website\Business\RevenueCost\AutoPricing.aspx.cs:line 208
   at Business_RevenueCost_AutoPricing.LoadAmount(Decimal autoPricingID) in e:\1.WORK\BAMBOO\App\Website\Business\RevenueCost\AutoPricing.aspx.cs:line 227
   at Business_RevenueCost_AutoPricing.AutoPricingDetailGrid_CustomCallback(Object sender, ASPxGridViewCustomCallbackEventArgs e) in e:\1.WORK\BAMBOO\App\Website\Business\RevenueCost\AutoPricing.aspx.cs:line 137
   at DevExpress.Web.ASPxGridView.RaiseCustomCallback(ASPxGridCustomCallbackEventArgs e)
   at DevExpress.Web.ASPxGridBase.CBCustomCallBack(String[] args)
   at DevExpress.Web.ASPxGridBase.DoCallBackPostBack(String eventArgument)
   at DevExpress.Web.ASPxGridBase.RaiseCallbackEvent(String eventArgument)
   at DevExpress.Web.ASPxWebControl.System.Web.UI.ICallbackEventHandler.RaiseCallbackEvent(String eventArgument)]
[2023-04-15 22:13:14][Application_Error][   at System.Linq.Enumerable.SingleOrDefault[TSource](IEnumerable`1 source)
   at System.Data.Entity.Core.Objects.ELinq.ObjectQueryProvider.<GetElementFunction>b__2[TResult](IEnumerable`1 sequence)
   at System.Data.Entity.Core.Objects.ELinq.ObjectQueryProvider.ExecuteSingle[TResult](IEnumerable`1 query, Expression queryRoot)
   at System.Data.Entity.Core.Objects.ELinq.ObjectQueryProvider.System.Linq.IQueryProvider.Execute[TResult](Expression expression)
   at System.Data.Entity.Internal.Linq.DbQueryProvider.Execute[TResult](Expression expression)
   at System.Linq.Queryable.SingleOrDefault[TSource](IQueryable`1 source)
   at Business_RevenueCost_AutoPricing.GetAmount(Nullable`1 versionID, Nullable`1 subaccountId, Nullable`1 month) in e:\1.WORK\BAMBOO\App\Website\Business\RevenueCost\AutoPricing.aspx.cs:line 208
   at Business_RevenueCost_AutoPricing.LoadAmount(Decimal autoPricingID) in e:\1.WORK\BAMBOO\App\Website\Business\RevenueCost\AutoPricing.aspx.cs:line 226
   at Business_RevenueCost_AutoPricing.AutoPricingDetailGrid_CustomCallback(Object sender, ASPxGridViewCustomCallbackEventArgs e) in e:\1.WORK\BAMBOO\App\Website\Business\RevenueCost\AutoPricing.aspx.cs:line 137
   at DevExpress.Web.ASPxGridView.RaiseCustomCallback(ASPxGridCustomCallbackEventArgs e)
   at DevExpress.Web.ASPxGridBase.CBCustomCallBack(String[] args)
   at DevExpress.Web.ASPxGridBase.DoCallBackPostBack(String eventArgument)
   at DevExpress.Web.ASPxGridBase.RaiseCallbackEvent(String eventArgument)
   at DevExpress.Web.ASPxWebControl.System.Web.UI.ICallbackEventHandler.RaiseCallbackEvent(String eventArgument)]
[2023-04-15 22:13:35][Application_Error][   at System.Linq.Enumerable.SingleOrDefault[TSource](IEnumerable`1 source)
   at System.Data.Entity.Core.Objects.ELinq.ObjectQueryProvider.<GetElementFunction>b__2[TResult](IEnumerable`1 sequence)
   at System.Data.Entity.Core.Objects.ELinq.ObjectQueryProvider.ExecuteSingle[TResult](IEnumerable`1 query, Expression queryRoot)
   at System.Data.Entity.Core.Objects.ELinq.ObjectQueryProvider.System.Linq.IQueryProvider.Execute[TResult](Expression expression)
   at System.Data.Entity.Internal.Linq.DbQueryProvider.Execute[TResult](Expression expression)
   at System.Linq.Queryable.SingleOrDefault[TSource](IQueryable`1 source)
   at Business_RevenueCost_AutoPricing.GetAmount(Nullable`1 versionID, Nullable`1 subaccountId, Nullable`1 month) in e:\1.WORK\BAMBOO\App\Website\Business\RevenueCost\AutoPricing.aspx.cs:line 208
   at Business_RevenueCost_AutoPricing.LoadAmount(Decimal autoPricingID) in e:\1.WORK\BAMBOO\App\Website\Business\RevenueCost\AutoPricing.aspx.cs:line 226
   at Business_RevenueCost_AutoPricing.AutoPricingDetailGrid_CustomCallback(Object sender, ASPxGridViewCustomCallbackEventArgs e) in e:\1.WORK\BAMBOO\App\Website\Business\RevenueCost\AutoPricing.aspx.cs:line 137
   at DevExpress.Web.ASPxGridView.RaiseCustomCallback(ASPxGridCustomCallbackEventArgs e)
   at DevExpress.Web.ASPxGridBase.CBCustomCallBack(String[] args)
   at DevExpress.Web.ASPxGridBase.DoCallBackPostBack(String eventArgument)
   at DevExpress.Web.ASPxGridBase.RaiseCallbackEvent(String eventArgument)
   at DevExpress.Web.ASPxWebControl.System.Web.UI.ICallbackEventHandler.RaiseCallbackEvent(String eventArgument)]
[2023-04-15 22:19:56][Application_Error][   at System.Linq.Enumerable.SingleOrDefault[TSource](IEnumerable`1 source)
   at System.Data.Entity.Core.Objects.ELinq.ObjectQueryProvider.<GetElementFunction>b__2[TResult](IEnumerable`1 sequence)
   at System.Data.Entity.Core.Objects.ELinq.ObjectQueryProvider.ExecuteSingle[TResult](IEnumerable`1 query, Expression queryRoot)
   at System.Data.Entity.Core.Objects.ELinq.ObjectQueryProvider.System.Linq.IQueryProvider.Execute[TResult](Expression expression)
   at System.Data.Entity.Internal.Linq.DbQueryProvider.Execute[TResult](Expression expression)
   at System.Linq.Queryable.SingleOrDefault[TSource](IQueryable`1 source)
   at Business_RevenueCost_AutoPricing.GetAmount(Nullable`1 versionID, Nullable`1 subaccountId, Nullable`1 month) in e:\1.WORK\BAMBOO\App\Website\Business\RevenueCost\AutoPricing.aspx.cs:line 208
   at Business_RevenueCost_AutoPricing.LoadAmount(Decimal autoPricingID) in e:\1.WORK\BAMBOO\App\Website\Business\RevenueCost\AutoPricing.aspx.cs:line 226
   at Business_RevenueCost_AutoPricing.AutoPricingDetailGrid_CustomCallback(Object sender, ASPxGridViewCustomCallbackEventArgs e) in e:\1.WORK\BAMBOO\App\Website\Business\RevenueCost\AutoPricing.aspx.cs:line 137
   at DevExpress.Web.ASPxGridView.RaiseCustomCallback(ASPxGridCustomCallbackEventArgs e)
   at DevExpress.Web.ASPxGridBase.CBCustomCallBack(String[] args)
   at DevExpress.Web.ASPxGridBase.DoCallBackPostBack(String eventArgument)
   at DevExpress.Web.ASPxGridBase.RaiseCallbackEvent(String eventArgument)
   at DevExpress.Web.ASPxWebControl.System.Web.UI.ICallbackEventHandler.RaiseCallbackEvent(String eventArgument)]
