[2023-09-08 19:20:22][Application_Error][   at System.Data.Entity.Core.EntityClient.Internal.EntityCommandDefinition.ExecuteStoreCommands(EntityCommand entityCommand, CommandBehavior behavior)
   at System.Data.Entity.Core.EntityClient.Internal.EntityCommandDefinition.Execute(EntityCommand entityCommand, CommandBehavior behavior)
   at System.Data.Entity.Core.EntityClient.EntityCommand.ExecuteReader(CommandBehavior behavior)
   at System.Data.Entity.Core.EntityClient.EntityCommand.ExecuteNonQuery()
   at System.Data.Entity.Core.Objects.ObjectContext.ExecuteFunctionCommand(EntityCommand entityCommand)
   at System.Data.Entity.Core.Objects.ObjectContext.ExecuteInTransaction[T](Func`1 func, IDbExecutionStrategy executionStrategy, Boolean startLocalTransaction, Boolean releaseConnectionOnSuccess)
   at System.Data.Entity.Core.Objects.ObjectContext.<>c__DisplayClass4b.<ExecuteFunction>b__49()
   at System.Data.Entity.SqlServer.DefaultSqlExecutionStrategy.Execute[TResult](Func`1 operation)
   at System.Data.Entity.Core.Objects.ObjectContext.ExecuteFunction(String functionName, ObjectParameter[] parameters)
   at KTQTData.KTQTDataEntities.CalculateSumItem(Nullable`1 pVerCompanyID)
   at Business_RevenueCost_RevenueCostForCompany.StoresGrid_BatchUpdate(Object sender, ASPxTreeListBatchUpdateEventArgs e)
   at DevExpress.Web.ASPxTreeList.ASPxTreeList.RaiseBatchUpdate(ASPxTreeListBatchUpdateEventArgs e)
   at DevExpress.Web.ASPxTreeList.Internal.TreeListBatchEditHelper.OnBatchUpdate(ASPxDataBatchUpdateEventArgs args)
   at DevExpress.Web.Internal.BatchEditHelper.BatchUpdate()
   at DevExpress.Web.Internal.BatchEditHelper.CommitTransaction()
   at DevExpress.Web.ASPxTreeList.ASPxTreeList.UpdateEdit()
   at DevExpress.Web.ASPxTreeList.Internal.TreeListUpdateEditCommand.Execute()
   at DevExpress.Web.ASPxWebControl.System.Web.UI.ICallbackEventHandler.RaiseCallbackEvent(String eventArgument)]
[2023-09-08 19:20:46][Application_Error][   at System.Data.Entity.Core.EntityClient.Internal.EntityCommandDefinition.ExecuteStoreCommands(EntityCommand entityCommand, CommandBehavior behavior)
   at System.Data.Entity.Core.EntityClient.Internal.EntityCommandDefinition.Execute(EntityCommand entityCommand, CommandBehavior behavior)
   at System.Data.Entity.Core.EntityClient.EntityCommand.ExecuteReader(CommandBehavior behavior)
   at System.Data.Entity.Core.EntityClient.EntityCommand.ExecuteNonQuery()
   at System.Data.Entity.Core.Objects.ObjectContext.ExecuteFunctionCommand(EntityCommand entityCommand)
   at System.Data.Entity.Core.Objects.ObjectContext.ExecuteInTransaction[T](Func`1 func, IDbExecutionStrategy executionStrategy, Boolean startLocalTransaction, Boolean releaseConnectionOnSuccess)
   at System.Data.Entity.Core.Objects.ObjectContext.<>c__DisplayClass4b.<ExecuteFunction>b__49()
   at System.Data.Entity.SqlServer.DefaultSqlExecutionStrategy.Execute[TResult](Func`1 operation)
   at System.Data.Entity.Core.Objects.ObjectContext.ExecuteFunction(String functionName, ObjectParameter[] parameters)
   at KTQTData.KTQTDataEntities.CalculateSumItem(Nullable`1 pVerCompanyID)
   at Business_RevenueCost_RevenueCostForCompany.StoresGrid_BatchUpdate(Object sender, ASPxTreeListBatchUpdateEventArgs e)
   at DevExpress.Web.ASPxTreeList.ASPxTreeList.RaiseBatchUpdate(ASPxTreeListBatchUpdateEventArgs e)
   at DevExpress.Web.ASPxTreeList.Internal.TreeListBatchEditHelper.OnBatchUpdate(ASPxDataBatchUpdateEventArgs args)
   at DevExpress.Web.Internal.BatchEditHelper.BatchUpdate()
   at DevExpress.Web.Internal.BatchEditHelper.CommitTransaction()
   at DevExpress.Web.ASPxTreeList.ASPxTreeList.UpdateEdit()
   at DevExpress.Web.ASPxTreeList.Internal.TreeListUpdateEditCommand.Execute()
   at DevExpress.Web.ASPxWebControl.System.Web.UI.ICallbackEventHandler.RaiseCallbackEvent(String eventArgument)]
[2023-09-08 21:01:37][Application_Error][   at System.IO.Path.NewNormalizePath(String path, Int32 maxPathLength, Boolean expandShortPaths)
   at System.IO.Path.NormalizePath(String path, Boolean fullCheck, Int32 maxPathLength, Boolean expandShortPaths)
   at System.IO.Path.GetFullPathInternal(String path)
   at System.IO.FileInfo.Init(String fileName, Boolean checkHost)
   at Business_RevenueCost_RevenueCostForCompany.StoreFilesGrid_CustomCallback(Object sender, ASPxGridViewCustomCallbackEventArgs e)
   at DevExpress.Web.ASPxGridView.RaiseCustomCallback(ASPxGridCustomCallbackEventArgs e)
   at DevExpress.Web.ASPxGridBase.CBCustomCallBack(String[] args)
   at DevExpress.Web.ASPxGridBase.DoCallBackPostBack(String eventArgument)
   at DevExpress.Web.ASPxGridBase.TryDoCallBackPostBack(String eventArgument)
   at DevExpress.Web.ASPxGridBase.RaiseCallbackEvent(String eventArgument)
   at DevExpress.Web.ASPxWebControl.System.Web.UI.ICallbackEventHandler.RaiseCallbackEvent(String eventArgument)]
