[2023-03-29 14:43:47][Application_Error][   at ASP.business_revenuecost_revenuecostforcompany_aspx.__DataBinding__control73(Object sender, EventArgs e) in e:\1.WORK\BAMBOO\App\Website\Business\RevenueCost\RevenueCostForCompany.aspx:line 130
   at System.Web.UI.Control.OnDataBinding(EventArgs e)
   at System.Web.UI.Control.DataBind(Boolean raiseOnDataBinding)
   at System.Web.UI.Control.DataBind()
   at System.Web.UI.Control.DataBindChildren()
   at System.Web.UI.Control.DataBind(Boolean raiseOnDataBinding)
   at DevExpress.Web.ASPxTreeList.TreeListCellTemplateContainerBase.DataBind()
   at DevExpress.Web.ASPxTreeList.Internal.TreeListDataCell.CreateControlHierarchy()
   at DevExpress.Web.Internal.InternalTableCell.CreateChildControls()
   at System.Web.UI.Control.EnsureChildControls()
   at DevExpress.Web.Internal.InternalTableCell.DevExpress.Web.Internal.IWebControl.EnsureChildControls()
   at DevExpress.Web.Internal.RenderUtils.EnsureChildControlsRecursive(Control control, Predicate`1 skipControlCondition)
   at DevExpress.Web.Internal.RenderUtils.EnsureChildControlsRecursive(Control control, Predicate`1 skipControlCondition)
   at DevExpress.Web.Internal.RenderUtils.EnsureChildControlsRecursive(Control control, Predicate`1 skipControlCondition)
   at DevExpress.Web.Internal.RenderUtils.EnsureChildControlsRecursive(Control control, Predicate`1 skipControlCondition)
   at DevExpress.Web.Internal.RenderUtils.EnsureChildControlsRecursive(Control control, Predicate`1 skipControlCondition)
   at DevExpress.Web.Internal.RenderUtils.EnsureChildControlsRecursive(Control control, Boolean skipContentContainers)
   at DevExpress.Web.ASPxWebControlBase.EnsureChildControlsRecursive(Control control, Boolean skipContentContainers)
   at DevExpress.Web.ASPxWebControlBase.EnsureChildControlsRecursive(Control control)
   at DevExpress.Web.ASPxWebControlBase.CreateChildControls()
   at System.Web.UI.Control.EnsureChildControls()
   at DevExpress.Web.ASPxWebControlBase.EnsureChildControls()
   at DevExpress.Web.ASPxWebControlBase.DevExpress.Web.Internal.IWebControl.EnsureChildControls()
   at DevExpress.Web.Internal.RenderUtils.EnsureChildControlsRecursive(Control control, Predicate`1 skipControlCondition)
   at DevExpress.Web.Internal.RenderUtils.EnsureChildControlsRecursive(Control control, Predicate`1 skipControlCondition)
   at DevExpress.Web.Internal.RenderUtils.EnsureChildControlsRecursive(Control control, Boolean skipContentContainers)
   at DevExpress.Web.ASPxWebControlBase.EnsureChildControlsRecursive(Control control, Boolean skipContentContainers)
   at DevExpress.Web.ASPxWebControlBase.EnsureChildControlsRecursive(Control control)
   at DevExpress.Web.ASPxWebControlBase.CreateChildControls()
   at System.Web.UI.Control.EnsureChildControls()
   at DevExpress.Web.ASPxWebControlBase.EnsureChildControls()
   at DevExpress.Web.ASPxWebControlBase.DevExpress.Web.Internal.IWebControl.EnsureChildControls()
   at DevExpress.Web.Internal.RenderUtils.EnsureChildControlsRecursive(Control control, Predicate`1 skipControlCondition)
   at DevExpress.Web.Internal.RenderUtils.EnsureChildControlsRecursive(Control control, Predicate`1 skipControlCondition)
   at DevExpress.Web.Internal.RenderUtils.EnsureChildControlsRecursive(Control control, Predicate`1 skipControlCondition)
   at DevExpress.Web.Internal.RenderUtils.EnsureChildControlsRecursive(Control control, Predicate`1 skipControlCondition)
   at DevExpress.Web.Internal.RenderUtils.EnsureChildControlsRecursive(Control control, Predicate`1 skipControlCondition)
   at DevExpress.Web.Internal.RenderUtils.EnsureChildControlsRecursive(Control control, Boolean skipContentContainers)
   at DevExpress.Web.ASPxWebControlBase.EnsureChildControlsRecursive(Control control, Boolean skipContentContainers)
   at DevExpress.Web.ASPxWebControlBase.EnsureChildControlsRecursive(Control control)
   at DevExpress.Web.ASPxWebControlBase.CreateChildControls()
   at DevExpress.Web.ASPxWebControl.CreateChildControls()
   at System.Web.UI.Control.EnsureChildControls()
   at DevExpress.Web.ASPxWebControlBase.EnsureChildControls()
   at DevExpress.Web.ASPxTreeList.ASPxTreeList.GetCallbackResult()
   at DevExpress.Web.ASPxWebControl.System.Web.UI.ICallbackEventHandler.GetCallbackResult()]
[2023-03-29 21:47:03][Application_Error][   at DevExpress.Web.Data.WebDataControllerProvider.GetRowValueByControllerRow(Int32 controllerRow, String fieldName, Boolean isDesignTime)
   at DevExpress.Web.Data.WebDataControllerProvider.GetRowValue(Int32 visibleIndex, String fieldName, Boolean isDesignTime)
   at DevExpress.Web.Data.WebDataProxy.GetRowValue(Int32 visibleIndex, String fieldName)
   at DevExpress.Web.Internal.GridTextBuilder.GetDisplayControlArgs(IWebGridDataColumn column, Int32 visibleIndex, IValueProvider provider, ASPxGridBase grid, Boolean highlightSearchText)
   at DevExpress.Web.Internal.GridRenderHelper.CreateDataCellDisplayControl(IWebGridDataColumn column, Int32 visibleIndex, IValueProvider row)
   at DevExpress.Web.Internal.GridRenderHelper.AddDisplayControlToDataCell(Control cell, IWebGridDataColumn column, Int32 visibleIndex, IValueProvider row)
   at DevExpress.Web.Rendering.GridViewTableDataCell.CreateControlHierarchy()
   at DevExpress.Web.Internal.InternalTableCell.CreateChildControls()
   at System.Web.UI.Control.EnsureChildControls()
   at DevExpress.Web.Internal.InternalTableCell.DevExpress.Web.Internal.IWebControl.EnsureChildControls()
   at DevExpress.Web.Internal.RenderUtils.EnsureChildControlsRecursive(Control control, Predicate`1 skipControlCondition)
   at DevExpress.Web.Internal.RenderUtils.EnsureChildControlsRecursive(Control control, Predicate`1 skipControlCondition)
   at DevExpress.Web.Internal.RenderUtils.EnsureChildControlsRecursive(Control control, Predicate`1 skipControlCondition)
   at DevExpress.Web.Internal.RenderUtils.EnsureChildControlsRecursive(Control control, Predicate`1 skipControlCondition)
   at DevExpress.Web.Internal.RenderUtils.EnsureChildControlsRecursive(Control control, Predicate`1 skipControlCondition)
   at DevExpress.Web.Internal.RenderUtils.EnsureChildControlsRecursive(Control control, Boolean skipContentContainers)
   at DevExpress.Web.ASPxWebControlBase.EnsureChildControlsRecursive(Control control, Boolean skipContentContainers)
   at DevExpress.Web.ASPxWebControlBase.EnsureChildControlsRecursive(Control control)
   at DevExpress.Web.ASPxWebControlBase.CreateChildControls()
   at System.Web.UI.Control.EnsureChildControls()
   at DevExpress.Web.ASPxWebControlBase.EnsureChildControls()
   at DevExpress.Web.ASPxWebControlBase.DevExpress.Web.Internal.IWebControl.EnsureChildControls()
   at DevExpress.Web.Internal.RenderUtils.EnsureChildControlsRecursive(Control control, Predicate`1 skipControlCondition)
   at DevExpress.Web.Internal.RenderUtils.EnsureChildControlsRecursive(Control control, Predicate`1 skipControlCondition)
   at DevExpress.Web.Internal.RenderUtils.EnsureChildControlsRecursive(Control control, Boolean skipContentContainers)
   at DevExpress.Web.ASPxWebControlBase.EnsureChildControlsRecursive(Control control, Boolean skipContentContainers)
   at DevExpress.Web.ASPxWebControlBase.EnsureChildControlsRecursive(Control control)
   at DevExpress.Web.ASPxWebControlBase.CreateChildControls()
   at System.Web.UI.Control.EnsureChildControls()
   at DevExpress.Web.ASPxWebControlBase.EnsureChildControls()
   at DevExpress.Web.ASPxWebControlBase.DevExpress.Web.Internal.IWebControl.EnsureChildControls()
   at DevExpress.Web.Internal.RenderUtils.EnsureChildControlsRecursive(Control control, Predicate`1 skipControlCondition)
   at DevExpress.Web.Internal.RenderUtils.EnsureChildControlsRecursive(Control control, Predicate`1 skipControlCondition)
   at DevExpress.Web.Internal.RenderUtils.EnsureChildControlsRecursive(Control control, Predicate`1 skipControlCondition)
   at DevExpress.Web.Internal.RenderUtils.EnsureChildControlsRecursive(Control control, Predicate`1 skipControlCondition)
   at DevExpress.Web.Internal.RenderUtils.EnsureChildControlsRecursive(Control control, Predicate`1 skipControlCondition)
   at DevExpress.Web.Internal.RenderUtils.EnsureChildControlsRecursive(Control control, Boolean skipContentContainers)
   at DevExpress.Web.ASPxWebControlBase.EnsureChildControlsRecursive(Control control, Boolean skipContentContainers)
   at DevExpress.Web.ASPxWebControlBase.EnsureChildControlsRecursive(Control control)
   at DevExpress.Web.ASPxWebControlBase.CreateChildControls()
   at DevExpress.Web.ASPxWebControl.CreateChildControls()
   at System.Web.UI.Control.EnsureChildControls()
   at DevExpress.Web.ASPxWebControlBase.EnsureChildControls()
   at DevExpress.Web.ASPxDataWebControlBase.DataBindInternal()
   at DevExpress.Web.ASPxWebControl.DataBind()
   at Business_RevenueCost_RevenueCostForCompany.VersionCompanyUnitGrid_CustomCallback(Object sender, ASPxGridViewCustomCallbackEventArgs e) in e:\1.WORK\BAMBOO\App\Website\Business\RevenueCost\RevenueCostForCompany.aspx.cs:line 1591
   at DevExpress.Web.ASPxGridView.RaiseCustomCallback(ASPxGridCustomCallbackEventArgs e)
   at DevExpress.Web.ASPxGridBase.CBCustomCallBack(String[] args)
   at DevExpress.Web.ASPxGridBase.DoCallBackPostBack(String eventArgument)
   at DevExpress.Web.ASPxGridBase.RaiseCallbackEvent(String eventArgument)
   at DevExpress.Web.ASPxWebControl.System.Web.UI.ICallbackEventHandler.RaiseCallbackEvent(String eventArgument)]
[2023-03-29 21:47:03][Application_Error][   at DevExpress.Web.Data.WebDataControllerProvider.GetRowValueByControllerRow(Int32 controllerRow, String fieldName, Boolean isDesignTime)
   at DevExpress.Web.Data.WebDataControllerProvider.GetRowValue(Int32 visibleIndex, String fieldName, Boolean isDesignTime)
   at DevExpress.Web.Data.WebDataProxy.GetRowValue(Int32 visibleIndex, String fieldName)
   at DevExpress.Web.Internal.GridTextBuilder.GetDisplayControlArgs(IWebGridDataColumn column, Int32 visibleIndex, IValueProvider provider, ASPxGridBase grid, Boolean highlightSearchText)
   at DevExpress.Web.Internal.GridRenderHelper.CreateDataCellDisplayControl(IWebGridDataColumn column, Int32 visibleIndex, IValueProvider row)
   at DevExpress.Web.Internal.GridRenderHelper.AddDisplayControlToDataCell(Control cell, IWebGridDataColumn column, Int32 visibleIndex, IValueProvider row)
   at DevExpress.Web.Rendering.GridViewTableDataCell.CreateControlHierarchy()
   at DevExpress.Web.Internal.InternalTableCell.CreateChildControls()
   at System.Web.UI.Control.EnsureChildControls()
   at DevExpress.Web.Internal.InternalTableCell.DevExpress.Web.Internal.IWebControl.EnsureChildControls()
   at DevExpress.Web.Internal.RenderUtils.EnsureChildControlsRecursive(Control control, Predicate`1 skipControlCondition)
   at DevExpress.Web.Internal.RenderUtils.EnsureChildControlsRecursive(Control control, Predicate`1 skipControlCondition)
   at DevExpress.Web.Internal.RenderUtils.EnsureChildControlsRecursive(Control control, Predicate`1 skipControlCondition)
   at DevExpress.Web.Internal.RenderUtils.EnsureChildControlsRecursive(Control control, Predicate`1 skipControlCondition)
   at DevExpress.Web.Internal.RenderUtils.EnsureChildControlsRecursive(Control control, Predicate`1 skipControlCondition)
   at DevExpress.Web.Internal.RenderUtils.EnsureChildControlsRecursive(Control control, Boolean skipContentContainers)
   at DevExpress.Web.ASPxWebControlBase.EnsureChildControlsRecursive(Control control, Boolean skipContentContainers)
   at DevExpress.Web.ASPxWebControlBase.EnsureChildControlsRecursive(Control control)
   at DevExpress.Web.ASPxWebControlBase.CreateChildControls()
   at System.Web.UI.Control.EnsureChildControls()
   at DevExpress.Web.ASPxWebControlBase.EnsureChildControls()
   at DevExpress.Web.ASPxWebControlBase.DevExpress.Web.Internal.IWebControl.EnsureChildControls()
   at DevExpress.Web.Internal.RenderUtils.EnsureChildControlsRecursive(Control control, Predicate`1 skipControlCondition)
   at DevExpress.Web.Internal.RenderUtils.EnsureChildControlsRecursive(Control control, Predicate`1 skipControlCondition)
   at DevExpress.Web.Internal.RenderUtils.EnsureChildControlsRecursive(Control control, Boolean skipContentContainers)
   at DevExpress.Web.ASPxWebControlBase.EnsureChildControlsRecursive(Control control, Boolean skipContentContainers)
   at DevExpress.Web.ASPxWebControlBase.EnsureChildControlsRecursive(Control control)
   at DevExpress.Web.ASPxWebControlBase.CreateChildControls()
   at System.Web.UI.Control.EnsureChildControls()
   at DevExpress.Web.ASPxWebControlBase.EnsureChildControls()
   at DevExpress.Web.ASPxWebControlBase.DevExpress.Web.Internal.IWebControl.EnsureChildControls()
   at DevExpress.Web.Internal.RenderUtils.EnsureChildControlsRecursive(Control control, Predicate`1 skipControlCondition)
   at DevExpress.Web.Internal.RenderUtils.EnsureChildControlsRecursive(Control control, Predicate`1 skipControlCondition)
   at DevExpress.Web.Internal.RenderUtils.EnsureChildControlsRecursive(Control control, Predicate`1 skipControlCondition)
   at DevExpress.Web.Internal.RenderUtils.EnsureChildControlsRecursive(Control control, Predicate`1 skipControlCondition)
   at DevExpress.Web.Internal.RenderUtils.EnsureChildControlsRecursive(Control control, Predicate`1 skipControlCondition)
   at DevExpress.Web.Internal.RenderUtils.EnsureChildControlsRecursive(Control control, Boolean skipContentContainers)
   at DevExpress.Web.ASPxWebControlBase.EnsureChildControlsRecursive(Control control, Boolean skipContentContainers)
   at DevExpress.Web.ASPxWebControlBase.EnsureChildControlsRecursive(Control control)
   at DevExpress.Web.ASPxWebControlBase.CreateChildControls()
   at DevExpress.Web.ASPxWebControl.CreateChildControls()
   at System.Web.UI.Control.EnsureChildControls()
   at DevExpress.Web.ASPxWebControlBase.EnsureChildControls()
   at DevExpress.Web.ASPxDataWebControlBase.DataBindInternal()
   at DevExpress.Web.ASPxWebControl.DataBind()
   at Business_RevenueCost_RevenueCostForCompany.VersionCompanyUnitGrid_CustomCallback(Object sender, ASPxGridViewCustomCallbackEventArgs e) in e:\1.WORK\BAMBOO\App\Website\Business\RevenueCost\RevenueCostForCompany.aspx.cs:line 1591
   at DevExpress.Web.ASPxGridView.RaiseCustomCallback(ASPxGridCustomCallbackEventArgs e)
   at DevExpress.Web.ASPxGridBase.CBCustomCallBack(String[] args)
   at DevExpress.Web.ASPxGridBase.DoCallBackPostBack(String eventArgument)
   at DevExpress.Web.ASPxGridBase.RaiseCallbackEvent(String eventArgument)
   at DevExpress.Web.ASPxWebControl.System.Web.UI.ICallbackEventHandler.RaiseCallbackEvent(String eventArgument)]
